<?xml version="1.0" encoding="UTF-8"?>
<testng-results ignored="0" total="1" passed="1" failed="0" skipped="0">
  <reporter-output>
  </reporter-output>
  <suite started-at="2022-06-26T16:11:38 IST" name="Default suite" finished-at="2022-06-26T16:12:19 IST" duration-ms="41073">
    <groups>
    </groups>
    <test started-at="2022-06-26T16:11:38 IST" name="Default test" finished-at="2022-06-26T16:12:19 IST" duration-ms="41073">
      <class name="testsuite.TestSuiteDemo">
        <test-method is-config="true" signature="startup()[pri:0, instance:testsuite.TestSuiteDemo@1e6454ec]" started-at="2022-06-26T16:11:33 IST" name="startup" finished-at="2022-06-26T16:11:38 IST" duration-ms="5186" status="PASS">
          <reporter-output>
          </reporter-output>
        </test-method> <!-- startup -->
        <test-method signature="testSearching()[pri:0, instance:testsuite.TestSuiteDemo@1e6454ec]" started-at="2022-06-26T16:11:38 IST" name="testSearching" finished-at="2022-06-26T16:12:11 IST" duration-ms="33008" status="PASS">
          <reporter-output>
          </reporter-output>
        </test-method> <!-- testSearching -->
      </class> <!-- testsuite.TestSuiteDemo -->
    </test> <!-- Default test -->
  </suite> <!-- Default suite -->
</testng-results>
